<?xml version="1.0" encoding="UTF-8"?>
<!-- Generated by org.testng.reporters.JUnitReportReporter -->
<testsuite hostname="BizAct235" failures="0" tests="1" name="BizAutoFramework.BizAutomation.ErrorValidationTest" time="2.347" errors="0" timestamp="2024-07-05T15:50:47 IST" skipped="0">
  <testcase classname="BizAutoFramework.BizAutomation.ErrorValidationTest" name="LoginErrorValidation" time="2.347"/>
</testsuite> <!-- BizAutoFramework.BizAutomation.ErrorValidationTest -->
