<?xml version="1.0" encoding="UTF-8"?>
<!-- Generated by org.testng.reporters.JUnitReportReporter -->
<testsuite hostname="LAPTOP-B35VFIBG" failures="0" tests="2" name="BizAutoFramework.BizAutomation.StandaloneTestHashMapdata" time="40.603" errors="0" timestamp="2024-10-19T11:06:07 IST" skipped="0">
  <testcase classname="BizAutoFramework.BizAutomation.StandaloneTestHashMapdata" name="SubmitOrderDataFromHashMap" time="20.654"/>
  <testcase classname="BizAutoFramework.BizAutomation.StandaloneTestHashMapdata" name="SubmitOrderDataFromHashMap" time="19.949"/>
</testsuite> <!-- BizAutoFramework.BizAutomation.StandaloneTestHashMapdata -->
