<?xml version="1.0" encoding="UTF-8"?>
<!-- Generated by org.testng.reporters.JUnitReportReporter -->
<testsuite hostname="LAPTOP-B35VFIBG" failures="0" tests="2" name="BizAutoFramework.BizAutomation.StandaloneTest3" time="39.502" errors="0" timestamp="2024-10-19T11:06:07 IST" skipped="0">
  <testcase classname="BizAutoFramework.BizAutomation.StandaloneTest3" name="SubmitOrder" time="21.247"/>
  <testcase classname="BizAutoFramework.BizAutomation.StandaloneTest3" name="SubmitOrder" time="18.255"/>
</testsuite> <!-- BizAutoFramework.BizAutomation.StandaloneTest3 -->
