<?xml version="1.0" encoding="UTF-8"?>
<!-- Generated by org.testng.reporters.JUnitReportReporter -->
<testsuite hostname="LAPTOP-B35VFIBG" failures="0" tests="1" name="BizAutoFramework.BizAutomation.ErrorValidationTest" time="6.312" errors="0" timestamp="2024-10-19T12:08:38 IST" skipped="0">
  <testcase classname="BizAutoFramework.BizAutomation.ErrorValidationTest" name="LoginErrorValidation" time="6.312"/>
</testsuite> <!-- BizAutoFramework.BizAutomation.ErrorValidationTest -->
