<?xml version="1.0" encoding="UTF-8"?>
<!-- Generated by org.testng.reporters.JUnitReportReporter -->
<testsuite hostname="LAPTOP-B35VFIBG" failures="0" tests="2" name="BizAutoFramework.BizAutomation.StandaloneTestDatafromJsonFile" time="40.214" errors="0" timestamp="2024-10-19T11:06:07 IST" skipped="0">
  <testcase classname="BizAutoFramework.BizAutomation.StandaloneTestDatafromJsonFile" name="SubmitOrderDataFromJsonFile" time="17.636"/>
  <testcase classname="BizAutoFramework.BizAutomation.StandaloneTestDatafromJsonFile" name="SubmitOrderDataFromJsonFile" time="22.578"/>
</testsuite> <!-- BizAutoFramework.BizAutomation.StandaloneTestDatafromJsonFile -->
